mode: set
github.com/pauldin91/GoWebApp/internal/handlers/handlers.go:24.44,28.2 1 1
github.com/pauldin91/GoWebApp/internal/handlers/handlers.go:31.33,33.2 1 1
github.com/pauldin91/GoWebApp/internal/handlers/handlers.go:36.67,41.2 3 1
github.com/pauldin91/GoWebApp/internal/handlers/handlers.go:44.68,56.2 5 1
github.com/pauldin91/GoWebApp/internal/handlers/handlers.go:59.74,69.2 4 0
github.com/pauldin91/GoWebApp/internal/handlers/handlers.go:72.78,74.16 2 1
github.com/pauldin91/GoWebApp/internal/handlers/handlers.go:74.16,77.3 2 0
github.com/pauldin91/GoWebApp/internal/handlers/handlers.go:79.2,92.19 6 1
github.com/pauldin91/GoWebApp/internal/handlers/handlers.go:92.19,100.3 4 0
github.com/pauldin91/GoWebApp/internal/handlers/handlers.go:101.2,102.66 2 1
github.com/pauldin91/GoWebApp/internal/handlers/handlers.go:106.71,108.2 1 1
github.com/pauldin91/GoWebApp/internal/handlers/handlers.go:111.69,113.2 1 1
github.com/pauldin91/GoWebApp/internal/handlers/handlers.go:116.75,118.2 1 0
github.com/pauldin91/GoWebApp/internal/handlers/handlers.go:121.79,126.2 3 1
github.com/pauldin91/GoWebApp/internal/handlers/handlers.go:134.79,141.16 3 1
github.com/pauldin91/GoWebApp/internal/handlers/handlers.go:141.16,143.3 1 0
github.com/pauldin91/GoWebApp/internal/handlers/handlers.go:145.2,146.14 2 1
github.com/pauldin91/GoWebApp/internal/handlers/handlers.go:150.70,152.2 1 0
github.com/pauldin91/GoWebApp/internal/handlers/handlers.go:154.70,156.9 2 1
github.com/pauldin91/GoWebApp/internal/handlers/handlers.go:156.9,160.3 3 1
github.com/pauldin91/GoWebApp/internal/handlers/handlers.go:161.2,166.4 4 0
